Using pre-set license
Built from '2020.3/staging' branch; Version is '2020.3.10f1 (297d780c91bc) revision 2719096'; Using compiler version '192528614'; Build Type 'Release'
OS: 'Windows 10 Home Single Language; OS build 22000.556; Version 2009; 64bit' Language: 'tr' Physical Memory: 16276 MB
BatchMode: 1, IsHumanControllingUs: 0, StartBugReporterOnCrash: 0, Is64bit: 1, IsPro: 0

 COMMAND LINE ARGUMENTS:
D:\Unity\Editor\2020.3.10f1\Editor\Unity.exe
-adb2
-batchMode
-noUpm
-name
AssetImportWorker0
-projectPath
D:/Github_Project/Arrow-Fest-Clone/Arrow_Fest_Clone
-logFile
Logs/AssetImportWorker0.log
-srvPort
55500
Successfully changed project path to: D:/Github_Project/Arrow-Fest-Clone/Arrow_Fest_Clone
D:/Github_Project/Arrow-Fest-Clone/Arrow_Fest_Clone
Using Asset Import Pipeline V2.
Refreshing native plugins compatible for Editor in 33.16 ms, found 2 plugins.
Preloading 0 native plugins for Editor in 0.00 ms.
Initialize engine version: 2020.3.10f1 (297d780c91bc)
[Subsystems] Discovering subsystems at path D:/Unity/Editor/2020.3.10f1/Editor/Data/Resources/UnitySubsystems
[Subsystems] Discovering subsystems at path D:/Github_Project/Arrow-Fest-Clone/Arrow_Fest_Clone/Assets
GfxDevice: creating device client; threaded=0
Direct3D:
    Version:  Direct3D 11.0 [level 11.1]
    Renderer: NVIDIA GeForce GTX 1050 Ti (ID=0x1c8c)
    Vendor:   
    VRAM:     4021 MB
    Driver:   30.0.15.1215
Initialize mono
Mono path[0] = 'D:/Unity/Editor/2020.3.10f1/Editor/Data/Managed'
Mono path[1] = 'D:/Unity/Editor/2020.3.10f1/Editor/Data/MonoBleedingEdge/lib/mono/unityjit'
Mono config path = 'D:/Unity/Editor/2020.3.10f1/Editor/Data/MonoBleedingEdge/etc'
Using monoOptions --debugger-agent=transport=dt_socket,embedding=1,server=y,suspend=n,address=127.0.0.1:56352
Begin MonoManager ReloadAssembly
Registering precompiled unity dll's ...
Register platform support module: D:/Unity/Editor/2020.3.10f1/Editor/Data/PlaybackEngines/WindowsStandaloneSupport/UnityEditor.WindowsStandalone.Extensions.dll
Registered in 0.001294 seconds.
Native extension for WindowsStandalone target not found
Refreshing native plugins compatible for Editor in 38.59 ms, found 2 plugins.
Preloading 0 native plugins for Editor in 0.00 ms.
Mono: successfully reloaded assembly
- Completed reload, in  4.913 seconds
Platform modules already initialized, skipping
Registering precompiled user dll's ...
Registered in 0.005773 seconds.
Begin MonoManager ReloadAssembly
Native extension for WindowsStandalone target not found
Refreshing native plugins compatible for Editor in 0.99 ms, found 2 plugins.
Preloading 0 native plugins for Editor in 0.00 ms.
Mono: successfully reloaded assembly
- Completed reload, in  1.475 seconds
Platform modules already initialized, skipping
========================================================================
Worker process is ready to serve import requests
Launched and connected shader compiler UnityShaderCompiler.exe after 0.07 seconds
Refreshing native plugins compatible for Editor in 0.30 ms, found 2 plugins.
Preloading 0 native plugins for Editor in 0.00 ms.
Unloading 1386 Unused Serialized files (Serialized files now loaded: 0)
System memory in use before: 64.6 MB.
System memory in use after: 64.7 MB.

Unloading 19 unused Assets to reduce memory usage. Loaded Objects now: 1819.
Total: 2.336500 ms (FindLiveObjects: 0.153000 ms CreateObjectMapping: 0.041000 ms MarkObjects: 1.992100 ms  DeleteObjects: 0.149400 ms)

========================================================================
Received Import Request.
  path: Assets
  artifactKey: Guid(00000000000000001000000000000000) Importer(815301076,1909f56bfc062723c751e8b465ee728b)
Start importing Assets using Guid(00000000000000001000000000000000) Importer(815301076,1909f56bfc062723c751e8b465ee728b)  -> (artifact id: '42d402b061de3733987d63b9cc3b64de') in 0.004556 seconds
  Import took 0.007219 seconds .

========================================================================
Received Import Request.
  Time since last request: 0.000471 seconds.
  path: Assets/Scripts
  artifactKey: Guid(790e4894a43b92a4f8f1d0eee14914ff) Importer(815301076,1909f56bfc062723c751e8b465ee728b)
Start importing Assets/Scripts using Guid(790e4894a43b92a4f8f1d0eee14914ff) Importer(815301076,1909f56bfc062723c751e8b465ee728b)  -> (artifact id: '8cdb89eebea997ba14976d95a2bd0895') in 0.002996 seconds
  Import took 0.006197 seconds .

========================================================================
Received Import Request.
  Time since last request: 7.396643 seconds.
  path: Assets/Prefabs
  artifactKey: Guid(a2cd612bd663d3d47859385eebee2cbb) Importer(815301076,1909f56bfc062723c751e8b465ee728b)
Start importing Assets/Prefabs using Guid(a2cd612bd663d3d47859385eebee2cbb) Importer(815301076,1909f56bfc062723c751e8b465ee728b)  -> (artifact id: 'ea550531ab7f27f9d3000d92058d92b9') in 0.003484 seconds
  Import took 0.007006 seconds .

========================================================================
Received Import Request.
  Time since last request: 5.597141 seconds.
  path: Assets/Import
  artifactKey: Guid(68caeaede49677241945f029ad6fc0c2) Importer(815301076,1909f56bfc062723c751e8b465ee728b)
Start importing Assets/Import using Guid(68caeaede49677241945f029ad6fc0c2) Importer(815301076,1909f56bfc062723c751e8b465ee728b)  -> (artifact id: 'effa97d5caa5e4aeb78d2fa143304001') in 0.003352 seconds
  Import took 0.006227 seconds .

========================================================================
Received Import Request.
  Time since last request: 5.512187 seconds.
  path: Assets/Sprites
  artifactKey: Guid(048ef86d90be79247a5efd758013de2c) Importer(815301076,1909f56bfc062723c751e8b465ee728b)
Start importing Assets/Sprites using Guid(048ef86d90be79247a5efd758013de2c) Importer(815301076,1909f56bfc062723c751e8b465ee728b)  -> (artifact id: '6f020e255e2a805894e2f046474cf159') in 0.172230 seconds
  Import took 0.175746 seconds .

========================================================================
Received Import Request.
  Time since last request: 7.495360 seconds.
  path: Assets/Materials
  artifactKey: Guid(e3d2523f2d250e64c8d93bbe05454a25) Importer(815301076,1909f56bfc062723c751e8b465ee728b)
Start importing Assets/Materials using Guid(e3d2523f2d250e64c8d93bbe05454a25) Importer(815301076,1909f56bfc062723c751e8b465ee728b)  -> (artifact id: 'cf590738ef87811c1f0b9e5bdec6597d') in 0.003523 seconds
  Import took 0.007024 seconds .

